[    0.000000] Linux version 4.15.0-136-generic (buildd@lcy01-amd64-029) (gcc version 7.5.0 (Ubuntu 7.5.0-3ubuntu1~18.04)) #140-Ubuntu SMP Thu Jan 28 05:20:47 UTC 2021 (Ubuntu 4.15.0-136.140-generic 4.15.18)
[    0.000000] Command line: BOOT_IMAGE=/boot/vmlinuz-4.15.0-136-generic root=LABEL=cloudimg-rootfs ro console=tty1 console=ttyS0
[    0.000000] KERNEL supported cpus:
[    0.000000]   Intel GenuineIntel
[    0.000000]   AMD AuthenticAMD
[    0.000000]   Centaur CentaurHauls
[    0.000000] x86/fpu: Supporting XSAVE feature 0x001: 'x87 floating point registers'
[    0.000000] x86/fpu: Supporting XSAVE feature 0x002: 'SSE registers'
[    0.000000] x86/fpu: Supporting XSAVE feature 0x004: 'AVX registers'
[    0.000000] x86/fpu: xstate_offset[2]:  576, xstate_sizes[2]:  256
[    0.000000] x86/fpu: Enabled xstate features 0x7, context size is 832 bytes, using 'standard' format.
[    0.000000] e820: BIOS-provided physical RAM map:
[    0.000000] BIOS-e820: [mem 0x0000000000000000-0x000000000009fbff] usable
[    0.000000] BIOS-e820: [mem 0x000000000009fc00-0x000000000009ffff] reserved
[    0.000000] BIOS-e820: [mem 0x00000000000f0000-0x00000000000fffff] reserved
[    0.000000] BIOS-e820: [mem 0x0000000000100000-0x000000003ffeffff] usable
[    0.000000] BIOS-e820: [mem 0x000000003fff0000-0x000000003fffffff] ACPI data
[    0.000000] BIOS-e820: [mem 0x00000000fec00000-0x00000000fec00fff] reserved
[    0.000000] BIOS-e820: [mem 0x00000000fee00000-0x00000000fee00fff] reserved
[    0.000000] BIOS-e820: [mem 0x00000000fffc0000-0x00000000ffffffff] reserved
[    0.000000] NX (Execute Disable) protection: active
[    0.000000] SMBIOS 2.5 present.
[    0.000000] DMI: innotek GmbH VirtualBox/VirtualBox, BIOS VirtualBox 12/01/2006
[    0.000000] Hypervisor detected: KVM
[    0.000000] e820: last_pfn = 0x3fff0 max_arch_pfn = 0x400000000
[    0.000000] MTRR: Disabled
[    0.000000] x86/PAT: MTRRs disabled, skipping PAT initialization too.
[    0.000000] CPU MTRRs all blank - virtualized system.
[    0.000000] x86/PAT: Configuration [0-7]: WB  WT  UC- UC  WB  WT  UC- UC  
[    0.000000] found SMP MP-table at [mem 0x0009fff0-0x0009ffff]
[    0.000000] Scanning 1 areas for low memory corruption
[    0.000000] RAMDISK: [mem 0x35a63000-0x36d28fff]
[    0.000000] ACPI: Early table checksum verification disabled
[    0.000000] ACPI: RSDP 0x00000000000E0000 000024 (v02 VBOX  )
[    0.000000] ACPI: XSDT 0x000000003FFF0030 00003C (v01 VBOX   VBOXXSDT 00000001 ASL  00000061)
[    0.000000] ACPI: FACP 0x000000003FFF00F0 0000F4 (v04 VBOX   VBOXFACP 00000001 ASL  00000061)
[    0.000000] ACPI: DSDT 0x000000003FFF0470 002325 (v02 VBOX   VBOXBIOS 00000002 INTL 20100528)
[    0.000000] ACPI: FACS 0x000000003FFF0200 000040
[    0.000000] ACPI: FACS 0x000000003FFF0200 000040
[    0.000000] ACPI: APIC 0x000000003FFF0240 00005C (v02 VBOX   VBOXAPIC 00000001 ASL  00000061)
[    0.000000] ACPI: SSDT 0x000000003FFF02A0 0001CC (v01 VBOX   VBOXCPUT 00000002 INTL 20100528)
[    0.000000] No NUMA configuration found
[    0.000000] Faking a node at [mem 0x0000000000000000-0x000000003ffeffff]
[    0.000000] NODE_DATA(0) allocated [mem 0x3ffc5000-0x3ffeffff]
[    0.000000] kvm-clock: cpu 0, msr 0:3ff44001, primary cpu clock
[    0.000000] kvm-clock: Using msrs 4b564d01 and 4b564d00
[    0.000000] kvm-clock: using sched offset of 4996669381 cycles
[    0.000000] clocksource: kvm-clock: mask: 0xffffffffffffffff max_cycles: 0x1cd42e4dffb, max_idle_ns: 881590591483 ns
[    0.000000] Zone ranges:
[    0.000000]   DMA      [mem 0x0000000000001000-0x0000000000ffffff]
[    0.000000]   DMA32    [mem 0x0000000001000000-0x000000003ffeffff]
[    0.000000]   Normal   empty
[    0.000000]   Device   empty
[    0.000000] Movable zone start for each node
[    0.000000] Early memory node ranges
[    0.000000]   node   0: [mem 0x0000000000001000-0x000000000009efff]
[    0.000000]   node   0: [mem 0x0000000000100000-0x000000003ffeffff]
[    0.000000] Reserved but unavailable: 98 pages
[    0.000000] Initmem setup node 0 [mem 0x0000000000001000-0x000000003ffeffff]
[    0.000000] ACPI: PM-Timer IO Port: 0x4008
[    0.000000] IOAPIC[0]: apic_id 2, version 32, address 0xfec00000, GSI 0-23
[    0.000000] ACPI: INT_SRC_OVR (bus 0 bus_irq 0 global_irq 2 dfl dfl)
[    0.000000] ACPI: INT_SRC_OVR (bus 0 bus_irq 9 global_irq 9 low level)
[    0.000000] Using ACPI (MADT) for SMP configuration information
[    0.000000] smpboot: Allowing 2 CPUs, 0 hotplug CPUs
[    0.000000] PM: Registered nosave memory: [mem 0x00000000-0x00000fff]
[    0.000000] PM: Registered nosave memory: [mem 0x0009f000-0x0009ffff]
[    0.000000] PM: Registered nosave memory: [mem 0x000a0000-0x000effff]
[    0.000000] PM: Registered nosave memory: [mem 0x000f0000-0x000fffff]
[    0.000000] e820: [mem 0x40000000-0xfebfffff] available for PCI devices
[    0.000000] Booting paravirtualized kernel on KVM
[    0.000000] clocksource: refined-jiffies: mask: 0xffffffff max_cycles: 0xffffffff, max_idle_ns: 7645519600211568 ns
[    0.000000] random: get_random_bytes called from start_kernel+0x99/0x500 with crng_init=0
[    0.000000] setup_percpu: NR_CPUS:8192 nr_cpumask_bits:2 nr_cpu_ids:2 nr_node_ids:1
[    0.000000] percpu: Embedded 45 pages/cpu s147456 r8192 d28672 u1048576
[    0.000000] PV qspinlock hash table entries: 256 (order: 0, 4096 bytes)
[    0.000000] Built 1 zonelists, mobility grouping on.  Total pages: 257913
[    0.000000] Policy zone: DMA32
[    0.000000] Kernel command line: BOOT_IMAGE=/boot/vmlinuz-4.15.0-136-generic root=LABEL=cloudimg-rootfs ro console=tty1 console=ttyS0
[    0.000000] Memory: 983020K/1048120K available (12300K kernel code, 2482K rwdata, 4276K rodata, 2440K init, 2724K bss, 65100K reserved, 0K cma-reserved)
[    0.000000] SLUB: HWalign=64, Order=0-3, MinObjects=0, CPUs=2, Nodes=1
[    0.000000] Kernel/User page tables isolation: enabled
[    0.000000] ftrace: allocating 39427 entries in 155 pages
[    0.004000] Hierarchical RCU implementation.
[    0.004000] 	RCU restricting CPUs from NR_CPUS=8192 to nr_cpu_ids=2.
[    0.004000] 	Tasks RCU enabled.
[    0.004000] RCU: Adjusting geometry for rcu_fanout_leaf=16, nr_cpu_ids=2
[    0.004000] NR_IRQS: 524544, nr_irqs: 440, preallocated irqs: 16
[    0.004000] Console: colour VGA+ 80x25
[    0.004000] console [tty1] enabled
[    0.004000] console [ttyS0] enabled
[    0.004000] ACPI: Core revision 20170831
[    0.004000] ACPI: 2 ACPI AML tables successfully acquired and loaded
[    0.004000] APIC: Switch to symmetric I/O mode setup
[    0.004000] x2apic enabled
[    0.004000] Switched APIC routing to physical x2apic.
[    0.008000] ..TIMER: vector=0x30 apic1=0 pin1=2 apic2=-1 pin2=-1
[    0.008003] tsc: Detected 1995.391 MHz processor
[    0.009953] Calibrating delay loop (skipped) preset value.. 3990.78 BogoMIPS (lpj=7981564)
[    0.012003] pid_max: default: 32768 minimum: 301
[    0.016070] Security Framework initialized
[    0.017664] Yama: becoming mindful.
[    0.019096] AppArmor: AppArmor initialized
[    0.022887] Dentry cache hash table entries: 131072 (order: 8, 1048576 bytes)
[    0.024114] Inode-cache hash table entries: 65536 (order: 7, 524288 bytes)
[    0.028031] Mount-cache hash table entries: 2048 (order: 2, 16384 bytes)
[    0.032013] Mountpoint-cache hash table entries: 2048 (order: 2, 16384 bytes)
[    0.036281] Last level iTLB entries: 4KB 1024, 2MB 1024, 4MB 1024
[    0.038509] Last level dTLB entries: 4KB 1024, 2MB 1024, 4MB 1024, 1GB 4
[    0.040003] Spectre V1 : Mitigation: usercopy/swapgs barriers and __user pointer sanitization
[    0.043252] Spectre V2 : Mitigation: Full generic retpoline
[    0.044002] Spectre V2 : Spectre v2 / SpectreRSB mitigation: Filling RSB on context switch
[    0.048003] Speculative Store Bypass: Vulnerable
[    0.049841] SRBDS: Unknown: Dependent on hypervisor status
[    0.052002] MDS: Mitigation: Clear CPU buffers
[    0.054174] Freeing SMP alternatives memory: 36K
[    0.168557] smpboot: CPU0: Intel(R) Core(TM) i5-4590T CPU @ 2.00GHz (family: 0x6, model: 0x3c, stepping: 0x3)
[    0.172124] Performance Events: unsupported p6 CPU model 60 no PMU driver, software events only.
[    0.175541] Hierarchical SRCU implementation.
[    0.176791] NMI watchdog: Perf event create on CPU 0 failed with -2
[    0.180003] NMI watchdog: Perf NMI watchdog permanently disabled
[    0.182294] smp: Bringing up secondary CPUs ...
[    0.184232] x86: Booting SMP configuration:
[    0.185867] .... node  #0, CPUs:      #1
[    0.004000] kvm-clock: cpu 1, msr 0:3ff44041, secondary cpu clock
[    0.192027] smp: Brought up 1 node, 2 CPUs
[    0.193723] smpboot: Max logical packages: 1
[    0.196007] smpboot: Total of 2 processors activated (7981.56 BogoMIPS)
[    0.199059] devtmpfs: initialized
[    0.200122] x86/mm: Memory block size: 128MB
[    0.202362] evm: security.selinux
[    0.204003] evm: security.SMACK64
[    0.205450] evm: security.SMACK64EXEC
[    0.206982] evm: security.SMACK64TRANSMUTE
[    0.208002] evm: security.SMACK64MMAP
[    0.209608] evm: security.apparmor
[    0.212003] evm: security.ima
[    0.213500] evm: security.capability
[    0.216262] clocksource: jiffies: mask: 0xffffffff max_cycles: 0xffffffff, max_idle_ns: 7645041785100000 ns
[    0.220028] futex hash table entries: 512 (order: 3, 32768 bytes)
[    0.224045] pinctrl core: initialized pinctrl subsystem
[    0.228210] RTC time:  0:40:36, date: 02/26/21
[    0.232163] NET: Registered protocol family 16
[    0.234191] audit: initializing netlink subsys (disabled)
[    0.236037] audit: type=2000 audit(1614300042.768:1): state=initialized audit_enabled=0 res=1
[    0.240031] cpuidle: using governor ladder
[    0.241803] cpuidle: using governor menu
[    0.244121] ACPI: bus type PCI registered
[    0.245755] acpiphp: ACPI Hot Plug PCI Controller Driver version: 0.5
[    0.248224] PCI: Using configuration type 1 for base access
[    0.256129] HugeTLB registered 2.00 MiB page size, pre-allocated 0 pages
[    0.258729] ACPI: Added _OSI(Module Device)
[    0.260007] ACPI: Added _OSI(Processor Device)
[    0.261858] ACPI: Added _OSI(3.0 _SCP Extensions)
[    0.264005] ACPI: Added _OSI(Processor Aggregator Device)
[    0.266158] ACPI: Added _OSI(Linux-Dell-Video)
[    0.268016] ACPI: Added _OSI(Linux-Lenovo-NV-HDMI-Audio)
[    0.272010] ACPI: Added _OSI(Linux-HPI-Hybrid-Graphics)
[    0.274812] ACPI: Executed 1 blocks of module-level executable AML code
[    0.293277] ACPI: Interpreter enabled
[    0.295329] ACPI: (supports S0 S5)
[    0.296005] ACPI: Using IOAPIC for interrupt routing
[    0.300323] PCI: Using host bridge windows from ACPI; if necessary, use "pci=nocrs" and report a bug
[    0.304567] ACPI: Enabled 2 GPEs in block 00 to 07
[    0.329602] ACPI: PCI Root Bridge [PCI0] (domain 0000 [bus 00-ff])
[    0.331916] acpi PNP0A03:00: _OSC: OS supports [ASPM ClockPM Segments MSI]
[    0.336832] acpi PNP0A03:00: _OSC: not requesting OS control; OS requires [ExtendedConfig ASPM ClockPM MSI]
[    0.340035] acpi PNP0A03:00: fail to add MMCONFIG information, can't access extended PCI configuration space under this bridge.
[    0.345067] PCI host bridge to bus 0000:00
[    0.346649] pci_bus 0000:00: root bus resource [io  0x0000-0x0cf7 window]
[    0.348006] pci_bus 0000:00: root bus resource [io  0x0d00-0xffff window]
[    0.352005] pci_bus 0000:00: root bus resource [mem 0x000a0000-0x000bffff window]
[    0.356005] pci_bus 0000:00: root bus resource [mem 0x40000000-0xfdffffff window]
[    0.358891] pci_bus 0000:00: root bus resource [bus 00-ff]
[    0.365917] pci 0000:00:01.1: legacy IDE quirk: reg 0x10: [io  0x01f0-0x01f7]
[    0.368005] pci 0000:00:01.1: legacy IDE quirk: reg 0x14: [io  0x03f6]
[    0.370375] pci 0000:00:01.1: legacy IDE quirk: reg 0x18: [io  0x0170-0x0177]
[    0.372030] pci 0000:00:01.1: legacy IDE quirk: reg 0x1c: [io  0x0376]
[    0.401171] pci 0000:00:07.0: quirk: [io  0x4000-0x403f] claimed by PIIX4 ACPI
[    0.404025] pci 0000:00:07.0: quirk: [io  0x4100-0x410f] claimed by PIIX4 SMB
[    0.417338] ACPI: PCI Interrupt Link [LNKA] (IRQs 5 9 10 *11)
[    0.420354] ACPI: PCI Interrupt Link [LNKB] (IRQs 5 9 *10 11)
[    0.422746] ACPI: PCI Interrupt Link [LNKC] (IRQs 5 *9 10 11)
[    0.424349] ACPI: PCI Interrupt Link [LNKD] (IRQs 5 9 10 *11)
[    0.428680] SCSI subsystem initialized
[    0.430192] pci 0000:00:02.0: vgaarb: setting as boot VGA device
[    0.430326] pci 0000:00:02.0: vgaarb: VGA device added: decodes=io+mem,owns=io+mem,locks=none
[    0.432045] pci 0000:00:02.0: vgaarb: bridge control possible
[    0.436003] vgaarb: loaded
[    0.437232] ACPI: bus type USB registered
[    0.440032] usbcore: registered new interface driver usbfs
[    0.442069] usbcore: registered new interface driver hub
[    0.444027] usbcore: registered new device driver usb
[    0.446034] EDAC MC: Ver: 3.0.0
[    0.448386] PCI: Using ACPI for IRQ routing
[    0.452421] NetLabel: Initializing
[    0.453868] NetLabel:  domain hash size = 128
[    0.455559] NetLabel:  protocols = UNLABELED CIPSOv4 CALIPSO
[    0.456044] NetLabel:  unlabeled traffic allowed by default
[    0.460180] clocksource: Switched to clocksource kvm-clock
[    0.507342] VFS: Disk quotas dquot_6.6.0
[    0.509059] VFS: Dquot-cache hash table entries: 512 (order 0, 4096 bytes)
[    0.511675] AppArmor: AppArmor Filesystem Enabled
[    0.513553] pnp: PnP ACPI init
[    0.517994] pnp: PnP ACPI: found 3 devices
[    0.530764] clocksource: acpi_pm: mask: 0xffffff max_cycles: 0xffffff, max_idle_ns: 2085701024 ns
[    0.534724] NET: Registered protocol family 2
[    0.536741] TCP established hash table entries: 8192 (order: 4, 65536 bytes)
[    0.539318] TCP bind hash table entries: 8192 (order: 5, 131072 bytes)
[    0.545845] TCP: Hash tables configured (established 8192 bind 8192)
[    0.550586] UDP hash table entries: 512 (order: 2, 16384 bytes)
[    0.552997] UDP-Lite hash table entries: 512 (order: 2, 16384 bytes)
[    0.555592] NET: Registered protocol family 1
[    0.557468] pci 0000:00:00.0: Limiting direct PCI/PCI transfers
[    0.559816] pci 0000:00:01.0: Activating ISA DMA hang workarounds
[    0.562357] pci 0000:00:02.0: Video device with shadowed ROM at [mem 0x000c0000-0x000dffff]
[    0.566108] Unpacking initramfs...
[    1.360264] Freeing initrd memory: 19224K
[    1.362700] clocksource: tsc: mask: 0xffffffffffffffff max_cycles: 0x39865888d9d, max_idle_ns: 881590455197 ns
[    1.366590] platform rtc_cmos: registered platform RTC device (no PNP device found)
[    1.369715] Scanning for low memory corruption every 60 seconds
[    1.373317] Initialise system trusted keyrings
[    1.375190] Key type blacklist registered
[    1.377127] workingset: timestamp_bits=36 max_order=18 bucket_order=0
[    1.383267] zbud: loaded
[    1.385938] squashfs: version 4.0 (2009/01/31) Phillip Lougher
[    1.388821] fuse init (API version 7.26)
[    1.395199] Key type asymmetric registered
[    1.396984] Asymmetric key parser 'x509' registered
[    1.399194] Block layer SCSI generic (bsg) driver version 0.4 loaded (major 246)
[    1.402556] io scheduler noop registered
[    1.404252] io scheduler deadline registered
[    1.406198] io scheduler cfq registered (default)
[    1.408663] ACPI: AC Adapter [AC] (on-line)
[    1.410458] input: Power Button as /devices/LNXSYSTM:00/LNXPWRBN:00/input/input0
[    1.413469] ACPI: Power Button [PWRF]
[    1.415114] input: Sleep Button as /devices/LNXSYSTM:00/LNXSLPBN:00/input/input1
[    1.418214] ACPI: Sleep Button [SLPF]
[    1.420431] Serial: 8250/16550 driver, 32 ports, IRQ sharing enabled
[    1.444665] 00:02: ttyS0 at I/O 0x3f8 (irq = 4, base_baud = 115200) is a 16550A
[    1.453915] Linux agpgart interface v0.103
[    1.458988] loop: module loaded
[    1.461549] scsi host0: ata_piix
[    1.463176] scsi host1: ata_piix
[    1.464640] ata1: PATA max UDMA/33 cmd 0x1f0 ctl 0x3f6 bmdma 0xd000 irq 14
[    1.467217] ata2: PATA max UDMA/33 cmd 0x170 ctl 0x376 bmdma 0xd008 irq 15
[    1.470000] libphy: Fixed MDIO Bus: probed
[    1.471660] tun: Universal TUN/TAP device driver, 1.6
[    1.473734] PPP generic driver version 2.4.2
[    1.475532] ehci_hcd: USB 2.0 'Enhanced' Host Controller (EHCI) Driver
[    1.478042] ehci-pci: EHCI PCI platform driver
[    1.479800] ehci-platform: EHCI generic platform driver
[    1.481855] ohci_hcd: USB 1.1 'Open' Host Controller (OHCI) Driver
[    1.484265] ohci-pci: OHCI PCI platform driver
[    1.486074] ohci-platform: OHCI generic platform driver
[    1.488082] uhci_hcd: USB Universal Host Controller Interface driver
[    1.490585] i8042: PNP: PS/2 Controller [PNP0303:PS2K,PNP0f03:PS2M] at 0x60,0x64 irq 1,12
[    1.494664] serio: i8042 KBD port at 0x60,0x64 irq 1
[    1.496657] serio: i8042 AUX port at 0x60,0x64 irq 12
[    1.498881] mousedev: PS/2 mouse device common for all mice
[    1.502289] input: AT Translated Set 2 keyboard as /devices/platform/i8042/serio0/input/input2
[    1.505656] rtc_cmos rtc_cmos: rtc core: registered rtc_cmos as rtc0
[    1.507981] rtc_cmos rtc_cmos: alarms up to one day, 114 bytes nvram
[    1.510255] i2c /dev entries driver
[    1.511736] device-mapper: uevent: version 1.0.3
[    1.513792] device-mapper: ioctl: 4.37.0-ioctl (2017-09-20) initialised: dm-devel@redhat.com
[    1.517315] ledtrig-cpu: registered to indicate activity on CPUs
[    1.520253] NET: Registered protocol family 10
[    1.527571] Segment Routing with IPv6
[    1.529057] NET: Registered protocol family 17
[    1.530802] Key type dns_resolver registered
[    1.532937] mce: Using 0 MCE banks
[    1.534272] RAS: Correctable Errors collector initialized.
[    1.536206] sched_clock: Marking stable (1532820311, 0)->(1918028774, -385208463)
[    1.539756] registered taskstats version 1
[    1.541385] Loading compiled-in X.509 certificates
[    1.546197] Loaded X.509 cert 'Build time autogenerated kernel key: c356b48d5f070be9e15fb09bbd57426939f0386e'
[    1.549865] zswap: loaded using pool lzo/zbud
[    1.556086] Key type big_key registered
[    1.557610] Key type trusted registered
[    1.562187] Key type encrypted registered
[    1.563893] AppArmor: AppArmor sha1 policy hashing enabled
[    1.566250] ima: No TPM chip found, activating TPM-bypass! (rc=-19)
[    1.568650] ima: Allocated hash algorithm: sha1
[    1.570597] evm: HMAC attrs: 0x1
[    1.572340]   Magic number: 9:59:659
[    1.574068] rtc_cmos rtc_cmos: setting system clock to 2021-02-26 00:40:37 UTC (1614300037)
[    1.577682] BIOS EDD facility v0.16 2004-Jun-25, 0 devices found
[    1.580012] EDD information not available.
[    1.668047] Freeing unused kernel image memory: 2440K
[    1.676049] Write protecting the kernel read-only data: 20480k
[    1.680101] Freeing unused kernel image memory: 2008K
[    1.682755] Freeing unused kernel image memory: 1868K
[    1.722744] x86/mm: Checked W+X mappings: passed, no W+X pages found.
[    1.725194] x86/mm: Checking user space page tables
[    1.764532] x86/mm: Checked W+X mappings: passed, no W+X pages found.
Loading, please wait...
starting version 237
[    1.937279] Fusion MPT base driver 3.04.20
[    1.939058] Copyright (c) 1999-2008 LSI Corporation
[    1.942229] e1000: Intel(R) PRO/1000 Network Driver - version 7.3.21-k8-NAPI
[    1.944799] e1000: Copyright (c) 1999-2006 Intel Corporation.
[    1.996733] Fusion MPT SPI Host driver 3.04.20
[    2.005215] AVX2 version of gcm_enc/dec engaged.
[    2.007492] AES CTR mode by8 optimization enabled
[    2.179610] input: ImExPS/2 Generic Explorer Mouse as /devices/platform/i8042/serio1/input/input4
[    2.484433] e1000 0000:00:03.0 eth0: (PCI:33MHz:32-bit) 02:dd:e5:eb:6c:77
[    2.487026] e1000 0000:00:03.0 eth0: Intel(R) PRO/1000 Network Connection
[    2.492300] mptbase: ioc0: Initiating bringup
[    2.495985] e1000 0000:00:03.0 enp0s3: renamed from eth0
[    4.174889] ioc0: LSI53C1030 A0: Capabilities={Initiator}
[    6.369260] scsi host2: ioc0: LSI53C1030 A0, FwRev=00000000h, Ports=1, MaxQ=256, IRQ=20
[    8.601525] scsi 2:0:0:0: Direct-Access     VBOX     HARDDISK         1.0  PQ: 0 ANSI: 5
[    8.648482] scsi target2:0:0: Beginning Domain Validation
[    8.663885] scsi target2:0:0: Domain Validation skipping write tests
[    8.672441] scsi target2:0:0: Ending Domain Validation
[    8.679638] scsi target2:0:0: asynchronous
[    8.688522] scsi 2:0:1:0: Direct-Access     VBOX     HARDDISK         1.0  PQ: 0 ANSI: 5
[    8.724115] scsi target2:0:1: Beginning Domain Validation
[    8.735476] random: fast init done
[    8.745049] scsi target2:0:1: Domain Validation skipping write tests
[    8.751513] scsi target2:0:1: Ending Domain Validation
[    8.755976] scsi target2:0:1: asynchronous
[    8.774492] random: systemd-udevd: uninitialized urandom read (16 bytes read)
[    8.779723] random: systemd-udevd: uninitialized urandom read (16 bytes read)
[    8.782876] sd 2:0:0:0: Attached scsi generic sg0 type 0
[    8.783257] random: systemd-udevd: uninitialized urandom read (16 bytes read)
[    8.785782] sd 2:0:1:0: Attached scsi generic sg1 type 0
[    8.787986] sd 2:0:0:0: [sda] 83886080 512-byte logical blocks: (42.9 GB/40.0 GiB)
[    8.793554] sd 2:0:1:0: [sdb] 20480 512-byte logical blocks: (10.5 MB/10.0 MiB)
[    8.794474] sd 2:0:0:0: [sda] Write Protect is off
[    8.798605] sd 2:0:1:0: [sdb] Write Protect is off
[    8.798840] sd 2:0:0:0: [sda] Incomplete mode parameter data
[    8.802867] sd 2:0:0:0: [sda] Assuming drive cache: write through
[    8.805412] sd 2:0:1:0: [sdb] Incomplete mode parameter data
[    8.807727] sd 2:0:1:0: [sdb] Assuming drive cache: write through
[    8.812506]  sda: sda1
[    8.818922] sd 2:0:0:0: [sda] Attached SCSI disk
[    8.818928] sd 2:0:1:0: [sdb] Attached SCSI disk
Begin: Loading essential drivers ... [   11.068383] raid6: sse2x1   gen()  2423 MB/s
[   11.116262] raid6: sse2x1   xor()  1429 MB/s
[   11.164028] raid6: sse2x2   gen()  5077 MB/s
[   11.212029] raid6: sse2x2   xor()  2215 MB/s
[   11.260711] raid6: sse2x4   gen()  5811 MB/s
[   11.308560] raid6: sse2x4   xor()  3560 MB/s
[   11.356421] raid6: avx2x1   gen()  4680 MB/s
[   11.404216] raid6: avx2x1   xor()  2490 MB/s
[   11.452091] raid6: avx2x2   gen()  8075 MB/s
[   11.500856] raid6: avx2x2   xor()  4618 MB/s
[   11.548767] raid6: avx2x4   gen() 12025 MB/s
[   11.596543] raid6: avx2x4   xor()  7115 MB/s
[   11.598365] raid6: using algorithm avx2x4 gen() 12025 MB/s
[   11.600602] raid6: .... xor() 7115 MB/s, rmw enabled
[   11.602616] raid6: using avx2x2 recovery algorithm
[   11.606351] xor: automatically using best checksumming function   avx       
[   11.611186] async_tx: api initialized (async)
done.
Begin: Running /scripts/init-premount ... done.
Begin: Mounting root file system ... Begin: Running /scripts/local-top ... done.
Begin: Running /scripts/local-premount ... [   11.715027] Btrfs loaded, crc32c=crc32c-intel
Scanning for Btrfs filesystems
done.
Warning: fsck not present, so skipping root file system
[   11.770285] EXT4-fs (sda1): mounted filesystem with ordered data mode. Opts: (null)
done.
Begin: Running /scripts/local-bottom ... done.
Begin: Running /scripts/init-bottom ... done.
[   12.031332] ip_tables: (C) 2000-2006 Netfilter Core Team
[   12.049871] systemd[1]: systemd 237 running in system mode. (+PAM +AUDIT +SELINUX +IMA +APPARMOR +SMACK +SYSVINIT +UTMP +LIBCRYPTSETUP +GCRYPT +GNUTLS +ACL +XZ +LZ4 +SECCOMP +BLKID +ELFUTILS +KMOD -IDN2 +IDN -PCRE2 default-hierarchy=hybrid)
[   12.058301] systemd[1]: Detected virtualization oracle.
[   12.060340] systemd[1]: Detected architecture x86-64.

Welcome to [1mUbuntu 18.04.5 LTS[0m!

[   12.069647] systemd[1]: Set hostname to <ubuntu>.
[   12.078982] systemd[1]: Initializing machine ID from random generator.
[   12.081786] systemd[1]: Installed transient /etc/machine-id file.
[   12.502693] systemd[1]: Started Forward Password Requests to Wall Directory Watch.
[[0;32m  OK  [0m] Started Forward Password Requests to Wall Directory Watch.
[   12.508187] systemd[1]: Set up automount Arbitrary Executable File Formats File System Automount Point.
[[0;32m  OK  [0m] Set up automount Arbitrary Executab…rmats File System Automount Point.
[   12.514088] systemd[1]: Reached target Swap.
[[0;32m  OK  [0m] Reached target Swap.
[   12.528609] systemd[1]: Reached target User and Group Name Lookups.
[[0;32m  OK  [0m] Reached target User and Group Name Lookups.
[[0;32m  OK  [0m] Reached target System Time Synchronized.
[[0;32m  OK  [0m] Created slice System Slice.
[[0;32m  OK  [0m] Listening on Device-mapper event daemon FIFOs.
[[0;32m  OK  [0m] Listening on Journal Socket (/dev/log).
[[0;32m  OK  [0m] Listening on Journal Socket.
         Mounting POSIX Message Queue File System...
         Starting Create list of required st…ce nodes for the current kernel...
[[0;32m  OK  [0m] Listening on udev Kernel Socket.
[[0;32m  OK  [0m] Listening on Journal Audit Socket.
[[0;32m  OK  [0m] Listening on LVM2 metadata daemon socket.
         Starting Monitoring of LVM2 mirrors…ng dmeventd or progress polling...
         Starting Set the console keyboard layout...
[[0;32m  OK  [0m] Listening on LVM2 poll daemon socket.
[[0;32m  OK  [0m] Listening on /dev/initctl Compatibility Named Pipe.
[[0;32m  OK  [0m] Created slice User and Session Slice.
[[0;32m  OK  [0m] Reached target Slices.
[[0;32m  OK  [0m] Created slice system-serial\x2dgetty.slice.
         Starting Uncomplicated firewall...
         Starting Load Kernel Modules...
[[0;32m  OK  [0m] Listening on Syslog Socket.
         Starting Journal Service...
         Mounting Huge Pages File System...
         Mounting Kernel Debug File System...
[[0;32m  OK  [0m] Listening on Network Service Netlink Socket.
[[0;32m  OK  [0m] Listening on fsck to fsckd communication Socket.
         Starting File System Check on Root Device...
[[0;32m  OK  [0m] Listening on udev Control Socket.
         Starting udev Coldplug all Devices...
[[0;32m  OK  [0m] Mounted POSIX Message Queue File System.
[[0;32m  OK  [0m] Started Create list of required sta…vice nodes for the current kernel.
[[0;32m  OK  [0m] Mounted Huge Pages File System.
[[0;32m  OK  [0m] Mounted Kernel Debug File System.
[[0;32m  OK  [0m] Started Uncomplicated firewall.
[[0;32m  OK  [0m] Started LVM2 metadata daemon.
         Starting Create Static Device Nodes in /dev...
[   12.672812] Loading iSCSI transport class v2.0-870.
[[0;32m  OK  [0m] Started File System Check Daemon to report status.
[[0;32m  OK  [0m] Started Create Static Device Nodes in /dev.
[[0;32m  OK  [0m] Started Journal Service.
[   12.780965] iscsi: registered transport (tcp)
[[0;32m  OK  [0m] Started File System Check on Root Device.
         Starting Remount Root and Kernel File Systems...
[[0;32m  OK  [0m] Started Monitoring of LVM2 mirrors,…sing dmeventd or progress polling.
[[0;32m  OK  [0m] Started udev Coldplug all Devices.
[   12.853586] iscsi: registered transport (iser)
[[0;32m  OK  [0m] Started Load Kernel Modules.
         Starting Apply Kernel Variables...
         Mounting FUSE Control File System...
         Mounting Kernel Configuration File System...
[   12.871727] EXT4-fs (sda1): re-mounted. Opts: (null)
[[0;32m  OK  [0m] Mounted FUSE Control File System.
[[0;32m  OK  [0m] Started Remount Root and Kernel File Systems.
[[0;32m  OK  [0m] Mounted Kernel Configuration File System.
         Starting udev Kernel Device Manager...
         Starting Flush Journal to Persistent Storage...
         Starting Load/Save Random Seed...
[[0;32m  OK  [0m] Started Apply Kernel Variables.
[[0;32m  OK  [0m] Started udev Kernel Device Manager.
[[0;32m  OK  [0m] Started Load/Save Random Seed.
[[0;32m  OK  [0m] Started Flush Journal to Persistent Storage.
[[0;32m  OK  [0m] Started Set the console keyboard layout.
[[0;32m  OK  [0m] Started Dispatch Password Requests to Console Directory Watch.
[[0;32m  OK  [0m] Reached target Local Encrypted Volumes.
[[0;32m  OK  [0m] Reached target Local File Systems (Pre).
[[0;32m  OK  [0m] Reached target Local File Systems.
         Starting Create Volatile Files and Directories...
         Starting Commit a transient machine-id on disk...
         Starting Tell Plymouth To Write Out Runtime Data...
         Starting AppArmor initialization...
         Starting Set console font and keymap...
         Starting ebtables ruleset management...
[[0;32m  OK  [0m] Started Tell Plymouth To Write Out Runtime Data.
[[0;32m  OK  [0m] Started Create Volatile Files and Directories.
         Starting Update UTMP about System Boot/Shutdown...
[[0;32m  OK  [0m] Started Set console font and keymap.
[[0;32m  OK  [0m] Started Update UTMP about System Boot/Shutdown.
[[0;32m  OK  [0m] Started Commit a transient machine-id on disk.
[[0;32m  OK  [0m] Started ebtables ruleset management.
[[0;32m  OK  [0m] Found device /dev/ttyS0.
[[0;32m  OK  [0m] Listening on Load/Save RF Kill Switch Status /dev/rfkill Watch.
[[0;32m  OK  [0m] Started AppArmor initialization.
         Starting Load AppArmor profiles managed internally by snapd...
         Starting Initial cloud-init job (pre-networking)...
[[0;32m  OK  [0m] Started Load AppArmor profiles managed internally by snapd.
[   18.761693] cloud-init[568]: Cloud-init v. 20.4.1-0ubuntu1~18.04.1 running 'init-local' at Fri, 26 Feb 2021 00:40:53 +0000. Up 17.92 seconds.
[[0;32m  OK  [0m] Started Initial cloud-init job (pre-networking).
[[0;32m  OK  [0m] Reached target Network (Pre).
         Starting Network Service...
[[0;32m  OK  [0m] Started Network Service.
         Starting Wait for Network to be Configured...
         Starting Network Name Resolution...
[[0;32m  OK  [0m] Started Network Name Resolution.
[[0;32m  OK  [0m] Reached target Network.
[[0;32m  OK  [0m] Reached target Host and Network Name Lookups.
[[0;32m  OK  [0m] Started Wait for Network to be Configured.
         Starting Initial cloud-init job (metadata service crawler)...
[   21.403626] cloud-init[676]: Cloud-init v. 20.4.1-0ubuntu1~18.04.1 running 'init' at Fri, 26 Feb 2021 00:40:56 +0000. Up 21.05 seconds.
[   21.407460] cloud-init[676]: ci-info: ++++++++++++++++++++++++++++++++++++++Net device info++++++++++++++++++++++++++++++++++++++
[   21.409609] cloud-init[676]: ci-info: +--------+------+----------------------------+---------------+--------+-------------------+
[   21.420785] cloud-init[676]: ci-info: | Device |  Up  |          Address           |      Mask     | Scope  |     Hw-Address    |
[   21.423017] cloud-init[676]: ci-info: +--------+------+----------------------------+---------------+--------+-------------------+
[   21.425147] cloud-init[676]: ci-info: | enp0s3 | True |         10.0.2.15          | 255.255.255.0 | global | 02:dd:e5:eb:6c:77 |
[   21.436246] cloud-init[676]: ci-info: | enp0s3 | True | fe80::dd:e5ff:feeb:6c77/64 |       .       |  link  | 02:dd:e5:eb:6c:77 |
[   21.438586] cloud-init[676]: ci-info: |   lo   | True |         127.0.0.1          |   255.0.0.0   |  host  |         .         |
[   21.440983] cloud-init[676]: ci-info: |   lo   | True |          ::1/128           |       .       |  host  |         .         |
[   21.443177] cloud-init[676]: ci-info: +--------+------+----------------------------+---------------+--------+-------------------+
[   21.456893] cloud-init[676]: ci-info: ++++++++++++++++++++++++++++Route IPv4 info+++++++++++++++++++++++++++++
[   21.458969] cloud-init[676]: ci-info: +-------+-------------+----------+-----------------+-----------+-------+
[   21.461091] cloud-init[676]: ci-info: | Route | Destination | Gateway  |     Genmask     | Interface | Flags |
[   21.462961] cloud-init[676]: ci-info: +-------+-------------+----------+-----------------+-----------+-------+
[   21.464916] cloud-init[676]: ci-info: |   0   |   0.0.0.0   | 10.0.2.2 |     0.0.0.0     |   enp0s3  |   UG  |
[   21.466945] cloud-init[676]: ci-info: |   1   |   10.0.2.0  | 0.0.0.0  |  255.255.255.0  |   enp0s3  |   U   |
[   21.468941] cloud-init[676]: ci-info: |   2   |   10.0.2.2  | 0.0.0.0  | 255.255.255.255 |   enp0s3  |   UH  |
[   21.470705] cloud-init[676]: ci-info: +-------+-------------+----------+-----------------+-----------+-------+
[   21.472627] cloud-init[676]: ci-info: +++++++++++++++++++Route IPv6 info+++++++++++++++++++
[   21.474065] cloud-init[676]: ci-info: +-------+-------------+---------+-----------+-------+
[   21.475513] cloud-init[676]: ci-info: | Route | Destination | Gateway | Interface | Flags |
[   21.477010] cloud-init[676]: ci-info: +-------+-------------+---------+-----------+-------+
[   21.488668] cloud-init[676]: ci-info: |   1   |  fe80::/64  |    ::   |   enp0s3  |   U   |
[   21.500386] cloud-init[676]: ci-info: |   3   |    local    |    ::   |   enp0s3  |   U   |
[   21.502067] cloud-init[676]: ci-info: |   4   |   ff00::/8  |    ::   |   enp0s3  |   U   |
[   21.512192] cloud-init[676]: ci-info: +-------+-------------+---------+-----------+-------+
[   22.596545] cloud-init[676]: Generating public/private rsa key pair.
[   22.598278] cloud-init[676]: Your identification has been saved in /etc/ssh/ssh_host_rsa_key.
[   22.600268] cloud-init[676]: Your public key has been saved in /etc/ssh/ssh_host_rsa_key.pub.
[   22.602209] cloud-init[676]: The key fingerprint is:
[   22.603565] cloud-init[676]: SHA256:gQkzQ032w2/IlsnMOAFP8FNVTvYnCwueTzTxvmvUYqc root@ubuntu-bionic
[   22.605600] cloud-init[676]: The key's randomart image is:
[   22.606971] cloud-init[676]: +---[RSA 2048]----+
[   22.608320] cloud-init[676]: |   .O++ ....=    |
[   22.609669] cloud-init[676]: |     @.*   + +   |
[   22.610937] cloud-init[676]: |      B = . = + .|
[   22.612243] cloud-init[676]: |       O O + = + |
[   22.613627] cloud-init[676]: |      o S = o o. |
[   22.614898] cloud-init[676]: |       o . o  +.o|
[   22.616259] cloud-init[676]: |            .o.+ |
[   22.617564] cloud-init[676]: |              E. |
[   22.618839] cloud-init[676]: |             ..  |
[   22.620215] cloud-init[676]: +----[SHA256]-----+
[   22.621524] cloud-init[676]: Generating public/private dsa key pair.
[   22.623092] cloud-init[676]: Your identification has been saved in /etc/ssh/ssh_host_dsa_key.
[   22.624993] cloud-init[676]: Your public key has been saved in /etc/ssh/ssh_host_dsa_key.pub.
[   22.626876] cloud-init[676]: The key fingerprint is:
[   22.628282] cloud-init[676]: SHA256:fB3zila/U6zbUHbQC/Fksk6t9z7ChyvzfQMQaxIP08k root@ubuntu-bionic
[   22.630222] cloud-init[676]: The key's randomart image is:
[   22.631590] cloud-init[676]: +---[DSA 1024]----+
[   22.632994] cloud-init[676]: |          o .o o |
[   22.634256] cloud-init[676]: |         + E  O. |
[   22.635533] cloud-init[676]: |          = =+.o.|
[   22.636870] cloud-init[676]: |       . . *o+o..|
[   22.638166] cloud-init[676]: |        S + +o.++|
[   22.639463] cloud-init[676]: |         . o +.o=|
[   22.640809] cloud-init[676]: |          o o =o.|
[   22.642082] cloud-init[676]: |         . o ++O.|
[   22.643361] cloud-init[676]: |            +o*+*|
[   22.644866] cloud-init[676]: +----[SHA256]-----+
[   22.646296] cloud-init[676]: Generating public/private ecdsa key pair.
[   22.648157] cloud-init[676]: Your identification has been saved in /etc/ssh/ssh_host_ecdsa_key.
[   22.650415] cloud-init[676]: Your public key has been saved in /etc/ssh/ssh_host_ecdsa_key.pub.
[   22.652662] cloud-init[676]: The key fingerprint is:
[   22.654152] cloud-init[676]: SHA256:qaF3gcjeeUbB5km7czVfjG1XMmztRHjWe+W/iLyElo0 root@ubuntu-bionic
[   22.656477] cloud-init[676]: The key's randomart image is:
[   22.658047] cloud-init[676]: +---[ECDSA 256]---+
[   22.659483] cloud-init[676]: |               .o|
[   22.660943] cloud-init[676]: |       .     ..o=|
[   22.662377] cloud-init[676]: |        =     =+*|
[   22.663809] cloud-init[676]: |   . . = =   . X+|
[   22.665283] cloud-init[676]: |    o o S   o . X|
[   22.666697] cloud-init[676]: |   . o = o=. o oo|
[   22.668128] cloud-init[676]: |    o = *Eoo. o .|
[   22.669583] cloud-init[676]: |     . +.o.o . . |
[   22.670999] cloud-init[676]: |           ..    |
[   22.672470] cloud-init[676]: +----[SHA256]-----+
[   22.673904] cloud-init[676]: Generating public/private ed25519 key pair.
[   22.675779] cloud-init[676]: Your identification has been saved in /etc/ssh/ssh_host_ed25519_key.
[   22.678062] cloud-init[676]: Your public key has been saved in /etc/ssh/ssh_host_ed25519_key.pub.
[   22.680382] cloud-init[676]: The key fingerprint is:
[   22.681885] cloud-init[676]: SHA256:hfFJlKhTpVdtU6+brflYS6eZvIIZ8kIgC9/VVCVkFy8 root@ubuntu-bionic
[   22.684176] cloud-init[676]: The key's randomart image is:
[   22.685761] cloud-init[676]: +--[ED25519 256]--+[[0;32m  OK  [0m] Started Initial cloud-init job (metadata service crawler).
[[0;32m  OK  [0m] Reached target Cloud-config availability.
[[0;32m  OK  [0m] Reached target Network is Online.

[   22.690803] cloud-init[676]: |        .+++*o+o.|         Starting Availability of block devices...
[[0;32m  OK  [0m] Reached target Remote File Systems (Pre).
[[0;32m  OK  [0m] Reached target Remote File Systems.
[[0;32m  OK  [0m] Reached target System Initialization.
[[0;32m  OK  [0m] Started Daily Cleanup of Temporary Directories.
[[0;32m  OK  [0m] Started Discard unused blocks once a week.

[   22.698415] cloud-init[676]: |        o*o+ o+..|
[   22.699793] cloud-init[[0;32m  OK  [0m] Started ACPI Events Check.
[[0;32m  OK  [0m] Started Message of the Day.
[[0;32m  OK  [0m] Listening on D-Bus System Message Bus Socket.
[[0;32m  OK  [0m] Reached target Paths.
[[0;32m  OK  [0m] Listening on UUID daemon activation socket.
[[0;32m  OK  [0m] Started Daily apt download activities.
[[676]: |       ooo=  .E.o|[0;32m  OK  [0m] Started Daily apt upgrade and clean activities.
[[0;32m  OK  [0m] Listening on ACPID Listen Socket.
         Starting Socket activation for snappy daemon.
[[0;32m  OK  [0m] Reached target Timers.
         Starting LXD - unix socket.
[[0;32m  OK  [0m] Listening on Open-iSCSI iscsid Socket.

[   22.717618] cloud-init[676]: |  . . + .o.    o |
[   22.719085] cloud-init[676]: [[0;32m  OK  [0m] Started Availability of block devices.
[[0;32m  OK  [0m] Listening on Socket activation for snappy daemon.
|   o + +S     .  |
[   22.722823] cloud-init[676]: |    o . o .    + |
[   22.724259] [[0;32m  OK  [0m] Listening on LXD - unix socket.
[[0;32m  OK  [0m] Reached target Sockets.
[[0;32m  OK  [0m] Reached target Basic System.
cloud-init[676]: |       . o +  o.+|[[0;32m  OK  [0m] Started Deferred execution scheduler.

[   22.730426] cloud-init[676]: |        . + ...Oo|         Starting Pollinate to seed the pseudo random number generator...

[   22.734208] [[0;32m  OK  [0m] Started D-Bus System Message Bus.
cloud-init[676]: |         .   .X+.|
[   22.742382] cloud-init[676]: +----[SHA256]-----+
         Starting Permit User Sessions...
         Starting Snap Daemon...
         Starting Dispatcher daemon for systemd-networkd...
         Starting LSB: Record successful boot for GRUB...
         Starting Login Service...
[[0;32m  OK  [0m] Started FUSE filesystem for LXC.
         Starting Accounts Service...
         Starting System Logging Service...
[[0;32m  OK  [0m] Started irqbalance daemon.
[[0;32m  OK  [0m] Started Regular background program processing daemon.
         Starting Virtualbox guest utils...
         Starting LSB: automatic crash report generation...
         Starting LXD - container startup/shutdown...
[[0;32m  OK  [0m] Started System Logging Service.
[[0;32m  OK  [0m] Started Permit User Sessions.
[[0;32m  OK  [0m] Started Login Service.
[[0;32m  OK  [0m] Started Unattended Upgrades Shutdown.
         Starting Hold until boot process finishes up...
         Starting Terminate Plymouth Boot Screen...
[[0;32m  OK  [0m] Started Hold until boot process finishes up.
[[0;32m  OK  [0m] Started Serial Getty on ttyS0.
         Starting Set console scheme...
[[0;32m  OK  [0m] Started Terminate Plymouth Boot Screen.
[[0;32m  OK  [0m] Started Set console scheme.
[[0;32m  OK  [0m] Created slice system-getty.slice.
[[0;32m  OK  [0m] Started Getty on tty1.
[[0;32m  OK  [0m] Reached target Login Prompts.
         Starting Authorization Manager...
[[0;32m  OK  [0m] Started LSB: automatic crash report generation.
[[0;32m  OK  [0m] Started LSB: Record successful boot for GRUB.
[[0;32m  OK  [0m] Started Authorization Manager.
[[0;32m  OK  [0m] Started Accounts Service.
[[0;32m  OK  [0m] Started Virtualbox guest utils.
[[0;32m  OK  [0m] Started LXD - container startup/shutdown.
[[0;32m  OK  [0m] Started Dispatcher daemon for systemd-networkd.
[[0;32m  OK  [0m] Started Snap Daemon.
         Starting Wait until snapd is fully seeded...
[[0;32m  OK  [0m] Started Pollinate to seed the pseudo random number generator.
         Starting OpenBSD Secure Shell server...
[[0;32m  OK  [0m] Started OpenBSD Secure Shell server.
[[0;32m  OK  [0m] Created slice User Slice of vagrant.
         Starting User Manager for UID 1000...
[[0;32m  OK  [0m] Started Session 1 of user vagrant.
[[0;32m  OK  [0m] Started User Manager for UID 1000.
[[0;32m  OK  [0m] Started Wait until snapd is fully seeded.
         Starting Apply the settings specified in cloud-config...
[[0;32m  OK  [0m] Reached target Multi-User System.
[[0;32m  OK  [0m] Reached target Graphical Interface.
         Starting Update UTMP about System Runlevel Changes...
[[0;32m  OK  [0m] Started Update UTMP about System Runlevel Changes.

Ubuntu 18.04.5 LTS ubuntu-bionic ttyS0

ubuntu-bionic login: [   30.862404] cloud-init[1119]: Cloud-init v. 20.4.1-0ubuntu1~18.04.1 running 'modules:config' at Fri, 26 Feb 2021 00:41:05 +0000. Up 29.12 seconds.
ci-info: no authorized SSH keys fingerprints found for user ubuntu.
<14>Feb 26 00:41:08 ec2: 
<14>Feb 26 00:41:08 ec2: #############################################################
<14>Feb 26 00:41:08 ec2: -----BEGIN SSH HOST KEY FINGERPRINTS-----
<14>Feb 26 00:41:08 ec2: 1024 SHA256:fB3zila/U6zbUHbQC/Fksk6t9z7ChyvzfQMQaxIP08k root@ubuntu-bionic (DSA)
<14>Feb 26 00:41:08 ec2: 256 SHA256:qaF3gcjeeUbB5km7czVfjG1XMmztRHjWe+W/iLyElo0 root@ubuntu-bionic (ECDSA)
<14>Feb 26 00:41:08 ec2: 256 SHA256:hfFJlKhTpVdtU6+brflYS6eZvIIZ8kIgC9/VVCVkFy8 root@ubuntu-bionic (ED25519)
<14>Feb 26 00:41:08 ec2: 2048 SHA256:gQkzQ032w2/IlsnMOAFP8FNVTvYnCwueTzTxvmvUYqc root@ubuntu-bionic (RSA)
<14>Feb 26 00:41:08 ec2: -----END SSH HOST KEY FINGERPRINTS-----
<14>Feb 26 00:41:08 ec2: #############################################################
-----BEGIN SSH HOST KEY KEYS-----
ecdsa-sha2-nistp256 AAAAE2VjZHNhLXNoYTItbmlzdHAyNTYAAAAIbmlzdHAyNTYAAABBBDVbYhP9Ci0vGljae+T3Ofd+vFbRjiwRBuZulUk0xymxONhC5ej7D9Puj70faRaxJKkdEH4Jy++xdaGIvwz8P88= root@ubuntu-bionic
ssh-ed25519 AAAAC3NzaC1lZDI1NTE5AAAAIGGhHPrIzLfkSnbae1laBjje7RuUnsz70ukSGkZV1wQy root@ubuntu-bionic
ssh-rsa AAAAB3NzaC1yc2EAAAADAQABAAABAQCnxljpgFK2l9yTkjhCPRO6dWuEkHerT1EmVYva+drZVVBYJ60oJ66m+YJjkPzFlyd/Zl8xOTWAS18xiuAl2spXzXE8FfP1ONbyV3l4sTrtCK852CJ1iKiiyaQiLHSi3MoEHgphxCgiEc4YaouliKKR8ODdcoWnB9dQgw9HTmHzsDglY8kVMQ2R1SvMnHdh46tBBxXrCm2AKHSnt3gdQYnNDJMk6VCZLq+MiP+b0icwsM80Nnpy0UBb9DegHi6W7bwkwvIXbZ6pzQC59fnTlR2jcgoFSickaAo1WMTMbPC+hQTCHKYOboLTP8SJMcGKrg+EHWacqPGZnUDIEaKn9GHv root@ubuntu-bionic
-----END SSH HOST KEY KEYS-----
[   32.246179] cloud-init[1255]: Cloud-init v. 20.4.1-0ubuntu1~18.04.1 running 'modules:final' at Fri, 26 Feb 2021 00:41:07 +0000. Up 31.91 seconds.
[   32.247582] cloud-init[1255]: ci-info: no authorized SSH keys fingerprints found for user ubuntu.
[   32.247692] cloud-init[1255]: Cloud-init v. 20.4.1-0ubuntu1~18.04.1 finished at Fri, 26 Feb 2021 00:41:08 +0000. Datasource DataSourceNoCloud [seed=/dev/sdb][dsmode=net].  Up 32.22 seconds
